/Users/niamhcollins/Library/Python/3.9/lib/python/site-packages/urllib3/__init__.py:35: NotOpenSSLWarning: urllib3 v2 only supports OpenSSL 1.1.1+, currently the 'ssl' module is compiled with 'LibreSSL 2.8.3'. See: https://github.com/urllib3/urllib3/issues/3020
  warnings.warn(
[2026-03-03 20:46:31] 🚀 V2 FINAL Call Intelligence - LIVE PROCESSING
[2026-03-03 20:46:33] 📁 Google Drive: Found 0 enhanced Google Drive calls
[2026-03-03 20:46:33] ℹ️ No new calls found
/Users/niamhcollins/Library/Python/3.9/lib/python/site-packages/urllib3/__init__.py:35: NotOpenSSLWarning: urllib3 v2 only supports OpenSSL 1.1.1+, currently the 'ssl' module is compiled with 'LibreSSL 2.8.3'. See: https://github.com/urllib3/urllib3/issues/3020
  warnings.warn(
[2026-03-03 21:16:34] 🚀 V2 FINAL Call Intelligence - LIVE PROCESSING
[2026-03-03 21:16:38] 📁 Google Drive: Found 0 enhanced Google Drive calls
[2026-03-03 21:16:38] ℹ️ No new calls found
/Users/niamhcollins/Library/Python/3.9/lib/python/site-packages/urllib3/__init__.py:35: NotOpenSSLWarning: urllib3 v2 only supports OpenSSL 1.1.1+, currently the 'ssl' module is compiled with 'LibreSSL 2.8.3'. See: https://github.com/urllib3/urllib3/issues/3020
  warnings.warn(
[2026-03-03 21:46:38] 🚀 V2 FINAL Call Intelligence - LIVE PROCESSING
[2026-03-03 21:46:40] 📁 Google Drive: Found 0 enhanced Google Drive calls
[2026-03-03 21:46:40] ℹ️ No new calls found
/Users/niamhcollins/Library/Python/3.9/lib/python/site-packages/urllib3/__init__.py:35: NotOpenSSLWarning: urllib3 v2 only supports OpenSSL 1.1.1+, currently the 'ssl' module is compiled with 'LibreSSL 2.8.3'. See: https://github.com/urllib3/urllib3/issues/3020
  warnings.warn(
[2026-03-03 22:16:40] 🚀 V2 FINAL Call Intelligence - LIVE PROCESSING
[2026-03-03 22:16:44] 📁 Google Drive: Found 0 enhanced Google Drive calls
[2026-03-03 22:16:44] ℹ️ No new calls found
/Users/niamhcollins/Library/Python/3.9/lib/python/site-packages/urllib3/__init__.py:35: NotOpenSSLWarning: urllib3 v2 only supports OpenSSL 1.1.1+, currently the 'ssl' module is compiled with 'LibreSSL 2.8.3'. See: https://github.com/urllib3/urllib3/issues/3020
  warnings.warn(
[2026-03-03 22:46:44] 🚀 V2 FINAL Call Intelligence - LIVE PROCESSING
[2026-03-03 22:46:46] 📁 Google Drive: Found 0 enhanced Google Drive calls
[2026-03-03 22:46:46] ℹ️ No new calls found
/Users/niamhcollins/Library/Python/3.9/lib/python/site-packages/urllib3/__init__.py:35: NotOpenSSLWarning: urllib3 v2 only supports OpenSSL 1.1.1+, currently the 'ssl' module is compiled with 'LibreSSL 2.8.3'. See: https://github.com/urllib3/urllib3/issues/3020
  warnings.warn(
[2026-03-03 23:16:47] 🚀 V2 FINAL Call Intelligence - LIVE PROCESSING
[2026-03-03 23:16:49] 📁 Google Drive: Found 0 enhanced Google Drive calls
[2026-03-03 23:16:49] ℹ️ No new calls found
/Users/niamhcollins/Library/Python/3.9/lib/python/site-packages/urllib3/__init__.py:35: NotOpenSSLWarning: urllib3 v2 only supports OpenSSL 1.1.1+, currently the 'ssl' module is compiled with 'LibreSSL 2.8.3'. See: https://github.com/urllib3/urllib3/issues/3020
  warnings.warn(
[2026-03-03 23:46:49] 🚀 V2 FINAL Call Intelligence - LIVE PROCESSING
[2026-03-03 23:46:51] 📁 Google Drive: Found 0 enhanced Google Drive calls
[2026-03-03 23:46:51] ℹ️ No new calls found
/Users/niamhcollins/Library/Python/3.9/lib/python/site-packages/urllib3/__init__.py:35: NotOpenSSLWarning: urllib3 v2 only supports OpenSSL 1.1.1+, currently the 'ssl' module is compiled with 'LibreSSL 2.8.3'. See: https://github.com/urllib3/urllib3/issues/3020
  warnings.warn(
[2026-03-04 00:16:52] 🚀 V2 FINAL Call Intelligence - LIVE PROCESSING
[2026-03-04 00:16:54] 📁 Google Drive: Found 0 enhanced Google Drive calls
[2026-03-04 00:16:54] ℹ️ No new calls found
/Users/niamhcollins/Library/Python/3.9/lib/python/site-packages/urllib3/__init__.py:35: NotOpenSSLWarning: urllib3 v2 only supports OpenSSL 1.1.1+, currently the 'ssl' module is compiled with 'LibreSSL 2.8.3'. See: https://github.com/urllib3/urllib3/issues/3020
  warnings.warn(
[2026-03-04 00:46:54] 🚀 V2 FINAL Call Intelligence - LIVE PROCESSING
[2026-03-04 00:46:57] 📁 Google Drive: Found 0 enhanced Google Drive calls
[2026-03-04 00:46:57] ℹ️ No new calls found
/Users/niamhcollins/Library/Python/3.9/lib/python/site-packages/urllib3/__init__.py:35: NotOpenSSLWarning: urllib3 v2 only supports OpenSSL 1.1.1+, currently the 'ssl' module is compiled with 'LibreSSL 2.8.3'. See: https://github.com/urllib3/urllib3/issues/3020
  warnings.warn(
[2026-03-04 07:20:47] 🚀 V2 FINAL Call Intelligence - LIVE PROCESSING WITH SALESFORCE LINKS
[2026-03-04 07:20:50] 📁 Google Drive: Found 0 enhanced Google Drive calls
[2026-03-04 07:20:50] ℹ️ No new calls found
/Users/niamhcollins/Library/Python/3.9/lib/python/site-packages/urllib3/__init__.py:35: NotOpenSSLWarning: urllib3 v2 only supports OpenSSL 1.1.1+, currently the 'ssl' module is compiled with 'LibreSSL 2.8.3'. See: https://github.com/urllib3/urllib3/issues/3020
  warnings.warn(
[2026-03-04 07:50:50] 🚀 V2 FINAL Call Intelligence - LIVE PROCESSING WITH SALESFORCE LINKS
[2026-03-04 07:50:52] 📁 Google Drive: Found 0 enhanced Google Drive calls
[2026-03-04 07:50:52] ℹ️ No new calls found
/Users/niamhcollins/Library/Python/3.9/lib/python/site-packages/urllib3/__init__.py:35: NotOpenSSLWarning: urllib3 v2 only supports OpenSSL 1.1.1+, currently the 'ssl' module is compiled with 'LibreSSL 2.8.3'. See: https://github.com/urllib3/urllib3/issues/3020
  warnings.warn(
[2026-03-04 08:20:53] 🚀 V2 FINAL Call Intelligence - LIVE PROCESSING WITH SALESFORCE LINKS
[2026-03-04 08:20:56] 📁 Google Drive: Found 0 enhanced Google Drive calls
[2026-03-04 08:20:56] ℹ️ No new calls found
/Users/niamhcollins/Library/Python/3.9/lib/python/site-packages/urllib3/__init__.py:35: NotOpenSSLWarning: urllib3 v2 only supports OpenSSL 1.1.1+, currently the 'ssl' module is compiled with 'LibreSSL 2.8.3'. See: https://github.com/urllib3/urllib3/issues/3020
  warnings.warn(
[2026-03-04 08:50:56] 🚀 V2 FINAL Call Intelligence - LIVE PROCESSING WITH SALESFORCE LINKS
[2026-03-04 08:50:58] 📁 Google Drive: Found 0 enhanced Google Drive calls
[2026-03-04 08:50:58] ℹ️ No new calls found
