🚀 Starting V2 FINAL Call Intelligence with LIVE Slack posting...
💬 Posting to: #sales-calls channel ✅
📅 Will run every 30 minutes
🛑 Stop with: pkill -f run_v2_sales_calls.sh

[Tue Mar  3 20:46:31 CST 2026] 🔄 Running V2 FINAL with LIVE Slack posting to #sales-calls...
[Tue Mar  3 20:46:33 CST 2026] ✅ V2 FINAL LIVE completed successfully
[Tue Mar  3 20:46:33 CST 2026] ⏰ Waiting 30 minutes until next run...
[Tue Mar  3 21:16:33 CST 2026] 🔄 Running V2 FINAL with LIVE Slack posting to #sales-calls...
[Tue Mar  3 21:16:38 CST 2026] ✅ V2 FINAL LIVE completed successfully
[Tue Mar  3 21:16:38 CST 2026] ⏰ Waiting 30 minutes until next run...
[Tue Mar  3 21:46:38 CST 2026] 🔄 Running V2 FINAL with LIVE Slack posting to #sales-calls...
[Tue Mar  3 21:46:40 CST 2026] ✅ V2 FINAL LIVE completed successfully
[Tue Mar  3 21:46:40 CST 2026] ⏰ Waiting 30 minutes until next run...
[Tue Mar  3 22:16:40 CST 2026] 🔄 Running V2 FINAL with LIVE Slack posting to #sales-calls...
[Tue Mar  3 22:16:44 CST 2026] ✅ V2 FINAL LIVE completed successfully
[Tue Mar  3 22:16:44 CST 2026] ⏰ Waiting 30 minutes until next run...
[Tue Mar  3 22:46:44 CST 2026] 🔄 Running V2 FINAL with LIVE Slack posting to #sales-calls...
[Tue Mar  3 22:46:46 CST 2026] ✅ V2 FINAL LIVE completed successfully
[Tue Mar  3 22:46:46 CST 2026] ⏰ Waiting 30 minutes until next run...
[Tue Mar  3 23:16:47 CST 2026] 🔄 Running V2 FINAL with LIVE Slack posting to #sales-calls...
[Tue Mar  3 23:16:49 CST 2026] ✅ V2 FINAL LIVE completed successfully
[Tue Mar  3 23:16:49 CST 2026] ⏰ Waiting 30 minutes until next run...
[Tue Mar  3 23:46:49 CST 2026] 🔄 Running V2 FINAL with LIVE Slack posting to #sales-calls...
[Tue Mar  3 23:46:51 CST 2026] ✅ V2 FINAL LIVE completed successfully
[Tue Mar  3 23:46:51 CST 2026] ⏰ Waiting 30 minutes until next run...
[Wed Mar  4 00:16:52 CST 2026] 🔄 Running V2 FINAL with LIVE Slack posting to #sales-calls...
[Wed Mar  4 00:16:54 CST 2026] ✅ V2 FINAL LIVE completed successfully
[Wed Mar  4 00:16:54 CST 2026] ⏰ Waiting 30 minutes until next run...
[Wed Mar  4 00:46:54 CST 2026] 🔄 Running V2 FINAL with LIVE Slack posting to #sales-calls...
[Wed Mar  4 00:46:57 CST 2026] ✅ V2 FINAL LIVE completed successfully
[Wed Mar  4 00:46:57 CST 2026] ⏰ Waiting 30 minutes until next run...
